2022-11-05 10:12:40,414 - root - INFO - 2.000000 + 3.000000 = 5.000000
2022-11-05 10:32:55,225 - root - INFO - 4.000000 - 5.000000 = -1.000000
2022-11-05 10:34:14,613 - root - INFO - 8.000000 + 9.000000 = 17.000000
2022-11-05 10:38:39,865 - root - WARNING - Invalid INPUT
2022-11-05 10:38:39,865 - root - INFO - 3.000000 - 2.000000 = 1.000000
2022-11-05 10:40:00,869 - root - WARNING - Invalid INPUT
2022-11-05 10:40:00,869 - root - INFO - 3.000000 + 4.000000 = 7.000000
2022-11-05 10:40:13,089 - root - WARNING - Invalid INPUT
2022-11-05 10:40:13,089 - root - INFO - 10.000000 + 29.000000 = 39.000000
2022-11-05 10:42:14,713 - root - WARNING - Invalid INPUT
2022-11-05 10:42:14,714 - root - INFO - 0.000000 / 2.000000 = 0.000000
2022-11-05 10:43:27,147 - root - WARNING - Invalid INPUT
2022-11-05 10:45:01,554 - root - WARNING - Invalid INPUT
2022-11-05 10:46:33,494 - root - WARNING - Invalid INPUT
2022-11-05 10:47:15,996 - root - WARNING - Invalid INPUT
2022-11-05 10:59:44,038 - root - WARNING - Invalid INPUT
2022-11-05 11:02:28,885 - root - WARNING - Invalid INPUT
2022-11-05 11:02:28,887 - root - WARNING - Divide by ZERO
2022-11-05 11:02:48,098 - root - WARNING - Invalid INPUT
2022-11-05 11:02:48,098 - root - WARNING - Divide by ZERO
